#
# There is insufficient memory for the Java Runtime Environment to continue.
# Native memory allocation (malloc) failed to allocate 1438896 bytes for Chunk::new
# Possible reasons:
#   The system is out of physical RAM or swap space
#   The process is running with CompressedOops enabled, and the Java Heap may be blocking the growth of the native heap
# Possible solutions:
#   Reduce memory load on the system
#   Increase physical memory or swap space
#   Check if swap backing store is full
#   Decrease Java heap size (-Xmx/-Xms)
#   Decrease number of Java threads
#   Decrease Java thread stack sizes (-Xss)
#   Set larger code cache with -XX:ReservedCodeCacheSize=
#   JVM is running with Unscaled Compressed Oops mode in which the Java heap is
#     placed in the first 4GB address space. The Java Heap base address is the
#     maximum limit for the native heap growth. Please use -XX:HeapBaseMinAddress
#     to set the Java Heap base and to place the Java Heap above 4GB virtual address.
# This output file may be truncated or incomplete.
#
#  Out of Memory Error (t:/workspace/open/src/hotspot/share/memory/arena.cpp:197), pid=8140, tid=14740
#
# JRE version: Java(TM) SE Runtime Environment (12.0.2+10) (build 12.0.2+10)
# Java VM: Java HotSpot(TM) 64-Bit Server VM (12.0.2+10, mixed mode, sharing, tiered, compressed oops, g1 gc, windows-amd64)
# No core dump will be written. Minidumps are not enabled by default on client versions of Windows
#

---------------  S U M M A R Y ------------

Command Line: jason.infra.centralised.RunCentralisedMAS discharge_truck.mas2j

Host: Intel(R) Core(TM) i5-7200U CPU @ 2.50GHz, 4 cores, 7G,  Windows 10 , 64 bit Build 18362 (10.0.18362.329)
Time: Sun Dec 15 03:08:14 2019 Hora oficial do Brasil elapsed time: 4 seconds (0d 0h 0m 4s)

---------------  T H R E A D  ---------------

Current thread (0x00000214150b7000):  JavaThread "C2 CompilerThread0" daemon [_thread_in_native, id=14740, stack(0x00000041c3b00000,0x00000041c3c00000)]


Current CompileTask:
C2:   4812 2215   !   4       sun.awt.PostEventQueue::flush (168 bytes)

Stack: [0x00000041c3b00000,0x00000041c3c00000]
Native frames: (J=compiled Java code, j=interpreted, Vv=VM code, C=native code)
V  [jvm.dll+0x63aa2a]
V  [jvm.dll+0x78ce1e]
V  [jvm.dll+0x78e4c1]
V  [jvm.dll+0x78eb13]
V  [jvm.dll+0x2627e8]
V  [jvm.dll+0xc55cc]
V  [jvm.dll+0xc5b4c]
V  [jvm.dll+0x37a632]
V  [jvm.dll+0x3463d3]
V  [jvm.dll+0x34579a]
V  [jvm.dll+0x21c205]
V  [jvm.dll+0x21b3da]
V  [jvm.dll+0x199a20]
V  [jvm.dll+0x22a744]
V  [jvm.dll+0x228d98]
V  [jvm.dll+0x7512a0]
V  [jvm.dll+0x74a2c8]
V  [jvm.dll+0x639b16]
C  [ucrtbase.dll+0x20e72]
C  [KERNEL32.DLL+0x17bd4]
C  [ntdll.dll+0x6ced1]


---------------  P R O C E S S  ---------------

Threads class SMR info:
_java_thread_list=0x000002141646c5f0, length=28, elements={
0x0000021476c97800, 0x0000021415091800, 0x0000021415093000, 0x00000214150af000,
0x00000214150b1000, 0x00000214150b7000, 0x00000214150b8800, 0x00000214150d6800,
0x0000021415b3b000, 0x0000021415b4a000, 0x0000021415ded000, 0x0000021415d99000,
0x0000021415da0000, 0x0000021416194800, 0x0000021416275800, 0x00000214173d7000,
0x0000021416604800, 0x0000021416380800, 0x0000021416381800, 0x0000021416759000,
0x000002141797c800, 0x000002141797d000, 0x000002141797e000, 0x000002141797a800,
0x000002141797e800, 0x000002141797f800, 0x0000021417980800, 0x0000021417981000
}

Java Threads: ( => current thread )
  0x0000021476c97800 JavaThread "main" [_thread_blocked, id=12112, stack(0x00000041c3000000,0x00000041c3100000)]
  0x0000021415091800 JavaThread "Reference Handler" daemon [_thread_blocked, id=15304, stack(0x00000041c3700000,0x00000041c3800000)]
  0x0000021415093000 JavaThread "Finalizer" daemon [_thread_blocked, id=8768, stack(0x00000041c3800000,0x00000041c3900000)]
  0x00000214150af000 JavaThread "Signal Dispatcher" daemon [_thread_blocked, id=1980, stack(0x00000041c3900000,0x00000041c3a00000)]
  0x00000214150b1000 JavaThread "Attach Listener" daemon [_thread_blocked, id=10940, stack(0x00000041c3a00000,0x00000041c3b00000)]
=>0x00000214150b7000 JavaThread "C2 CompilerThread0" daemon [_thread_in_native, id=14740, stack(0x00000041c3b00000,0x00000041c3c00000)]
  0x00000214150b8800 JavaThread "C1 CompilerThread0" daemon [_thread_blocked, id=7480, stack(0x00000041c3c00000,0x00000041c3d00000)]
  0x00000214150d6800 JavaThread "Sweeper thread" daemon [_thread_blocked, id=13296, stack(0x00000041c3d00000,0x00000041c3e00000)]
  0x0000021415b3b000 JavaThread "Service Thread" daemon [_thread_blocked, id=14236, stack(0x00000041c3e00000,0x00000041c3f00000)]
  0x0000021415b4a000 JavaThread "Common-Cleaner" daemon [_thread_blocked, id=14272, stack(0x00000041c4000000,0x00000041c4100000)]
  0x0000021415ded000 JavaThread "Java2D Disposer" daemon [_thread_blocked, id=9592, stack(0x00000041c4100000,0x00000041c4200000)]
  0x0000021415d99000 JavaThread "AWT-Shutdown" [_thread_blocked, id=11272, stack(0x00000041c4200000,0x00000041c4300000)]
  0x0000021415da0000 JavaThread "AWT-Windows" daemon [_thread_in_native, id=13844, stack(0x00000041c4300000,0x00000041c4400000)]
  0x0000021416194800 JavaThread "AWT-EventQueue-0" [_thread_in_native, id=13984, stack(0x00000041c4400000,0x00000041c4500000)]
  0x0000021416275800 JavaThread "Image Fetcher 0" daemon [_thread_blocked, id=7832, stack(0x00000041c4500000,0x00000041c4600000)]
  0x00000214173d7000 JavaThread "Image Fetcher 1" daemon [_thread_blocked, id=11388, stack(0x00000041c4900000,0x00000041c4a00000)]
  0x0000021416604800 JavaThread "TimerQueue" daemon [_thread_blocked, id=10808, stack(0x00000041c4b00000,0x00000041c4c00000)]
  0x0000021416380800 JavaThread "server-timer" daemon [_thread_blocked, id=1520, stack(0x00000041c4a00000,0x00000041c4b00000)]
  0x0000021416381800 JavaThread "HTTP-Dispatcher" [_thread_in_native, id=11556, stack(0x00000041c4c00000,0x00000041c4d00000)]
  0x0000021416759000 JavaThread "drop" [_thread_blocked, id=14072, stack(0x00000041c5000000,0x00000041c5100000)]
  0x000002141797c800 JavaThread "sample_agent" [_thread_blocked, id=8712, stack(0x00000041c5100000,0x00000041c5200000)]
  0x000002141797d000 JavaThread "truck" [_thread_blocked, id=13352, stack(0x00000041c5200000,0x00000041c5300000)]
  0x000002141797e000 JavaThread "garage" [_thread_blocked, id=13884, stack(0x00000041c5300000,0x00000041c5400000)]
  0x000002141797a800 JavaThread "worker" [_thread_blocked, id=2564, stack(0x00000041c5400000,0x00000041c5500000)]
  0x000002141797e800 JavaThread "pool-1-thread-1" [_thread_blocked, id=11032, stack(0x00000041c5500000,0x00000041c5600000)]
  0x000002141797f800 JavaThread "pool-1-thread-2" [_thread_blocked, id=8520, stack(0x00000041c5600000,0x00000041c5700000)]
  0x0000021417980800 JavaThread "pool-1-thread-3" [_thread_blocked, id=8648, stack(0x00000041c5700000,0x00000041c5800000)]
  0x0000021417981000 JavaThread "pool-1-thread-4" [_thread_blocked, id=15136, stack(0x00000041c5800000,0x00000041c5900000)]

Other Threads:
  0x000002141508e000 VMThread "VM Thread" [stack: 0x00000041c3600000,0x00000041c3700000] [id=12432]
  0x0000021415b3d000 WatcherThread [stack: 0x00000041c3f00000,0x00000041c4000000] [id=1240]
  0x0000021476cd5800 GCTaskThread "GC Thread#0" [stack: 0x00000041c3100000,0x00000041c3200000] [id=5060]
  0x0000021416472000 GCTaskThread "GC Thread#1" [stack: 0x00000041c4d00000,0x00000041c4e00000] [id=6744]
  0x00000214165e8000 GCTaskThread "GC Thread#2" [stack: 0x00000041c4e00000,0x00000041c4f00000] [id=9184]
  0x00000214165f1000 GCTaskThread "GC Thread#3" [stack: 0x00000041c4f00000,0x00000041c5000000] [id=13744]
  0x0000021476ce3000 ConcurrentGCThread "G1 Main Marker" [stack: 0x00000041c3200000,0x00000041c3300000] [id=2888]
  0x0000021476ce8000 ConcurrentGCThread "G1 Conc#0" [stack: 0x00000041c3300000,0x00000041c3400000] [id=10152]
  0x0000021414f10800 ConcurrentGCThread "G1 Refine#0" [stack: 0x00000041c3400000,0x00000041c3500000] [id=9768]
  0x0000021414f11800 ConcurrentGCThread "G1 Young RemSet Sampling" [stack: 0x00000041c3500000,0x00000041c3600000] [id=7716]

Threads with active compile tasks:
C2 CompilerThread0  2215   !   4       sun.awt.PostEventQueue::flush (168 bytes)

VM state:not at safepoint (normal execution)

VM Mutex/Monitor currently owned by a thread: None

Heap address: 0x0000000082000000, size: 2016 MB, Compressed Oops mode: 32-bit
Narrow klass base: 0x0000000800000000, Narrow klass shift: 3
Compressed class space size: 1073741824 Address: 0x0000000801190000

Heap:
 garbage-first heap   total 129024K, used 56753K [0x0000000082000000, 0x0000000100000000)
  region size 1024K, 4 young (4096K), 1 survivors (1024K)
 Metaspace       used 14617K, capacity 15073K, committed 15232K, reserved 1062912K
  class space    used 1619K, capacity 1803K, committed 1920K, reserved 1048576K
Heap Regions: E=young(eden), S=young(survivor), O=old, HS=humongous(starts), HC=humongous(continues), CS=collection set, F=free, A=archive, TAMS=top-at-mark-start (previous, next)
|   0|0x0000000082000000, 0x0000000082100000, 0x0000000082100000|100%|HS|  |TAMS 0x0000000082100000, 0x0000000082000000| Complete 
|   1|0x0000000082100000, 0x0000000082200000, 0x0000000082200000|100%|HC|  |TAMS 0x0000000082200000, 0x0000000082100000| Complete 
|   2|0x0000000082200000, 0x0000000082300000, 0x0000000082300000|100%|HS|  |TAMS 0x0000000082200000, 0x0000000082200000| Complete 
|   3|0x0000000082300000, 0x0000000082400000, 0x0000000082400000|100%|HC|  |TAMS 0x0000000082300000, 0x0000000082300000| Complete 
|   4|0x0000000082400000, 0x0000000082400000, 0x0000000082500000|  0%| F|  |TAMS 0x0000000082400000, 0x0000000082400000| Untracked 
|   5|0x0000000082500000, 0x0000000082600000, 0x0000000082600000|100%| O|  |TAMS 0x0000000082600000, 0x0000000082500000| Untracked 
|   6|0x0000000082600000, 0x0000000082700000, 0x0000000082700000|100%|HS|  |TAMS 0x0000000082600000, 0x0000000082600000| Complete 
|   7|0x0000000082700000, 0x0000000082800000, 0x0000000082800000|100%|HC|  |TAMS 0x0000000082700000, 0x0000000082700000| Complete 
|   8|0x0000000082800000, 0x0000000082900000, 0x0000000082900000|100%|HS|  |TAMS 0x0000000082800000, 0x0000000082800000| Complete 
|   9|0x0000000082900000, 0x0000000082a00000, 0x0000000082a00000|100%|HC|  |TAMS 0x0000000082900000, 0x0000000082900000| Complete 
|  10|0x0000000082a00000, 0x0000000082b00000, 0x0000000082b00000|100%|HS|  |TAMS 0x0000000082a00000, 0x0000000082a00000| Complete 
|  11|0x0000000082b00000, 0x0000000082c00000, 0x0000000082c00000|100%|HC|  |TAMS 0x0000000082b00000, 0x0000000082b00000| Complete 
|  12|0x0000000082c00000, 0x0000000082d00000, 0x0000000082d00000|100%|HS|  |TAMS 0x0000000082c00000, 0x0000000082c00000| Complete 
|  13|0x0000000082d00000, 0x0000000082e00000, 0x0000000082e00000|100%|HC|  |TAMS 0x0000000082d00000, 0x0000000082d00000| Complete 
|  14|0x0000000082e00000, 0x0000000082f00000, 0x0000000082f00000|100%|HS|  |TAMS 0x0000000082e00000, 0x0000000082e00000| Complete 
|  15|0x0000000082f00000, 0x0000000083000000, 0x0000000083000000|100%|HC|  |TAMS 0x0000000082f00000, 0x0000000082f00000| Complete 
|  16|0x0000000083000000, 0x0000000083000000, 0x0000000083100000|  0%| F|  |TAMS 0x0000000083000000, 0x0000000083000000| Untracked 
|  17|0x0000000083100000, 0x0000000083100000, 0x0000000083200000|  0%| F|  |TAMS 0x0000000083100000, 0x0000000083100000| Untracked 
|  18|0x0000000083200000, 0x0000000083300000, 0x0000000083300000|100%|HS|  |TAMS 0x0000000083300000, 0x0000000083200000| Complete 
|  19|0x0000000083300000, 0x0000000083400000, 0x0000000083400000|100%|HC|  |TAMS 0x0000000083400000, 0x0000000083300000| Complete 
|  20|0x0000000083400000, 0x0000000083500000, 0x0000000083500000|100%|HS|  |TAMS 0x0000000083500000, 0x0000000083400000| Complete 
|  21|0x0000000083500000, 0x0000000083600000, 0x0000000083600000|100%|HC|  |TAMS 0x0000000083600000, 0x0000000083500000| Complete 
|  22|0x0000000083600000, 0x0000000083700000, 0x0000000083700000|100%| O|  |TAMS 0x0000000083700000, 0x0000000083600000| Untracked 
|  23|0x0000000083700000, 0x00000000837d7c00, 0x0000000083800000| 84%| O|  |TAMS 0x00000000837d7c00, 0x0000000083700000| Untracked 
|  24|0x0000000083800000, 0x0000000083900000, 0x0000000083900000|100%|HS|  |TAMS 0x0000000083900000, 0x0000000083800000| Complete 
|  25|0x0000000083900000, 0x0000000083a00000, 0x0000000083a00000|100%|HC|  |TAMS 0x0000000083a00000, 0x0000000083900000| Complete 
|  26|0x0000000083a00000, 0x0000000083b00000, 0x0000000083b00000|100%|HS|  |TAMS 0x0000000083b00000, 0x0000000083a00000| Complete 
|  27|0x0000000083b00000, 0x0000000083c00000, 0x0000000083c00000|100%|HC|  |TAMS 0x0000000083c00000, 0x0000000083b00000| Complete 
|  28|0x0000000083c00000, 0x0000000083d00000, 0x0000000083d00000|100%|HS|  |TAMS 0x0000000083d00000, 0x0000000083c00000| Complete 
|  29|0x0000000083d00000, 0x0000000083e00000, 0x0000000083e00000|100%|HC|  |TAMS 0x0000000083e00000, 0x0000000083d00000| Complete 
|  30|0x0000000083e00000, 0x0000000083f00000, 0x0000000083f00000|100%|HS|  |TAMS 0x0000000083f00000, 0x0000000083e00000| Complete 
|  31|0x0000000083f00000, 0x0000000084000000, 0x0000000084000000|100%|HC|  |TAMS 0x0000000084000000, 0x0000000083f00000| Complete 
|  32|0x0000000084000000, 0x0000000084100000, 0x0000000084100000|100%|HS|  |TAMS 0x0000000084100000, 0x0000000084000000| Complete 
|  33|0x0000000084100000, 0x0000000084200000, 0x0000000084200000|100%|HC|  |TAMS 0x0000000084200000, 0x0000000084100000| Complete 
|  34|0x0000000084200000, 0x0000000084300000, 0x0000000084300000|100%|HS|  |TAMS 0x0000000084300000, 0x0000000084200000| Complete 
|  35|0x0000000084300000, 0x0000000084400000, 0x0000000084400000|100%|HC|  |TAMS 0x0000000084400000, 0x0000000084300000| Complete 
|  36|0x0000000084400000, 0x0000000084500000, 0x0000000084500000|100%|HS|  |TAMS 0x0000000084500000, 0x0000000084400000| Complete 
|  37|0x0000000084500000, 0x0000000084600000, 0x0000000084600000|100%|HC|  |TAMS 0x0000000084600000, 0x0000000084500000| Complete 
|  38|0x0000000084600000, 0x0000000084700000, 0x0000000084700000|100%|HS|  |TAMS 0x0000000084700000, 0x0000000084600000| Complete 
|  39|0x0000000084700000, 0x0000000084800000, 0x0000000084800000|100%|HC|  |TAMS 0x0000000084800000, 0x0000000084700000| Complete 
|  40|0x0000000084800000, 0x0000000084900000, 0x0000000084900000|100%|HS|  |TAMS 0x0000000084900000, 0x0000000084800000| Complete 
|  41|0x0000000084900000, 0x0000000084a00000, 0x0000000084a00000|100%|HC|  |TAMS 0x0000000084a00000, 0x0000000084900000| Complete 
|  42|0x0000000084a00000, 0x0000000084b00000, 0x0000000084b00000|100%|HS|  |TAMS 0x0000000084b00000, 0x0000000084a00000| Complete 
|  43|0x0000000084b00000, 0x0000000084c00000, 0x0000000084c00000|100%|HC|  |TAMS 0x0000000084c00000, 0x0000000084b00000| Complete 
|  44|0x0000000084c00000, 0x0000000084d00000, 0x0000000084d00000|100%|HS|  |TAMS 0x0000000084d00000, 0x0000000084c00000| Complete 
|  45|0x0000000084d00000, 0x0000000084e00000, 0x0000000084e00000|100%|HC|  |TAMS 0x0000000084e00000, 0x0000000084d00000| Complete 
|  46|0x0000000084e00000, 0x0000000084f00000, 0x0000000084f00000|100%|HS|  |TAMS 0x0000000084f00000, 0x0000000084e00000| Complete 
|  47|0x0000000084f00000, 0x0000000085000000, 0x0000000085000000|100%|HC|  |TAMS 0x0000000085000000, 0x0000000084f00000| Complete 
|  48|0x0000000085000000, 0x0000000085100000, 0x0000000085100000|100%|HS|  |TAMS 0x0000000085100000, 0x0000000085000000| Complete 
|  49|0x0000000085100000, 0x0000000085200000, 0x0000000085200000|100%|HC|  |TAMS 0x0000000085200000, 0x0000000085100000| Complete 
|  50|0x0000000085200000, 0x0000000085300000, 0x0000000085300000|100%|HS|  |TAMS 0x0000000085300000, 0x0000000085200000| Complete 
|  51|0x0000000085300000, 0x0000000085400000, 0x0000000085400000|100%|HC|  |TAMS 0x0000000085400000, 0x0000000085300000| Complete 
|  52|0x0000000085400000, 0x0000000085500000, 0x0000000085500000|100%|HS|  |TAMS 0x0000000085500000, 0x0000000085400000| Complete 
|  53|0x0000000085500000, 0x0000000085600000, 0x0000000085600000|100%|HC|  |TAMS 0x0000000085600000, 0x0000000085500000| Complete 
|  54|0x0000000085600000, 0x0000000085700000, 0x0000000085700000|100%|HS|  |TAMS 0x0000000085700000, 0x0000000085600000| Complete 
|  55|0x0000000085700000, 0x0000000085800000, 0x0000000085800000|100%|HC|  |TAMS 0x0000000085800000, 0x0000000085700000| Complete 
|  56|0x0000000085800000, 0x0000000085800000, 0x0000000085900000|  0%| F|  |TAMS 0x0000000085800000, 0x0000000085800000| Untracked 
|  57|0x0000000085900000, 0x0000000085900000, 0x0000000085a00000|  0%| F|  |TAMS 0x0000000085900000, 0x0000000085900000| Untracked 
|  58|0x0000000085a00000, 0x0000000085a00000, 0x0000000085b00000|  0%| F|  |TAMS 0x0000000085a00000, 0x0000000085a00000| Untracked 
|  59|0x0000000085b00000, 0x0000000085b00000, 0x0000000085c00000|  0%| F|  |TAMS 0x0000000085b00000, 0x0000000085b00000| Untracked 
|  60|0x0000000085c00000, 0x0000000085c00000, 0x0000000085d00000|  0%| F|  |TAMS 0x0000000085c00000, 0x0000000085c00000| Untracked 
|  61|0x0000000085d00000, 0x0000000085d00000, 0x0000000085e00000|  0%| F|  |TAMS 0x0000000085d00000, 0x0000000085d00000| Untracked 
|  62|0x0000000085e00000, 0x0000000085e00000, 0x0000000085f00000|  0%| F|  |TAMS 0x0000000085e00000, 0x0000000085e00000| Untracked 
|  63|0x0000000085f00000, 0x0000000085f00000, 0x0000000086000000|  0%| F|  |TAMS 0x0000000085f00000, 0x0000000085f00000| Untracked 
|  64|0x0000000086000000, 0x0000000086000000, 0x0000000086100000|  0%| F|  |TAMS 0x0000000086000000, 0x0000000086000000| Untracked 
|  65|0x0000000086100000, 0x0000000086100000, 0x0000000086200000|  0%| F|  |TAMS 0x0000000086100000, 0x0000000086100000| Untracked 
|  66|0x0000000086200000, 0x0000000086200000, 0x0000000086300000|  0%| F|  |TAMS 0x0000000086200000, 0x0000000086200000| Untracked 
|  67|0x0000000086300000, 0x0000000086300000, 0x0000000086400000|  0%| F|  |TAMS 0x0000000086300000, 0x0000000086300000| Untracked 
|  68|0x0000000086400000, 0x0000000086400000, 0x0000000086500000|  0%| F|  |TAMS 0x0000000086400000, 0x0000000086400000| Untracked 
|  69|0x0000000086500000, 0x0000000086500000, 0x0000000086600000|  0%| F|  |TAMS 0x0000000086500000, 0x0000000086500000| Untracked 
|  70|0x0000000086600000, 0x0000000086600000, 0x0000000086700000|  0%| F|  |TAMS 0x0000000086600000, 0x0000000086600000| Untracked 
|  71|0x0000000086700000, 0x0000000086700000, 0x0000000086800000|  0%| F|  |TAMS 0x0000000086700000, 0x0000000086700000| Untracked 
|  72|0x0000000086800000, 0x0000000086800000, 0x0000000086900000|  0%| F|  |TAMS 0x0000000086800000, 0x0000000086800000| Untracked 
|  73|0x0000000086900000, 0x0000000086900000, 0x0000000086a00000|  0%| F|  |TAMS 0x0000000086900000, 0x0000000086900000| Untracked 
|  74|0x0000000086a00000, 0x0000000086a00000, 0x0000000086b00000|  0%| F|  |TAMS 0x0000000086a00000, 0x0000000086a00000| Untracked 
|  75|0x0000000086b00000, 0x0000000086b00000, 0x0000000086c00000|  0%| F|  |TAMS 0x0000000086b00000, 0x0000000086b00000| Untracked 
|  76|0x0000000086c00000, 0x0000000086c00000, 0x0000000086d00000|  0%| F|  |TAMS 0x0000000086c00000, 0x0000000086c00000| Untracked 
|  77|0x0000000086d00000, 0x0000000086d00000, 0x0000000086e00000|  0%| F|  |TAMS 0x0000000086d00000, 0x0000000086d00000| Untracked 
|  78|0x0000000086e00000, 0x0000000086e00000, 0x0000000086f00000|  0%| F|  |TAMS 0x0000000086e00000, 0x0000000086e00000| Untracked 
|  79|0x0000000086f00000, 0x0000000086f00000, 0x0000000087000000|  0%| F|  |TAMS 0x0000000086f00000, 0x0000000086f00000| Untracked 
|  80|0x0000000087000000, 0x0000000087000000, 0x0000000087100000|  0%| F|  |TAMS 0x0000000087000000, 0x0000000087000000| Untracked 
|  81|0x0000000087100000, 0x0000000087100000, 0x0000000087200000|  0%| F|  |TAMS 0x0000000087100000, 0x0000000087100000| Untracked 
|  82|0x0000000087200000, 0x0000000087200000, 0x0000000087300000|  0%| F|  |TAMS 0x0000000087200000, 0x0000000087200000| Untracked 
|  83|0x0000000087300000, 0x0000000087300000, 0x0000000087400000|  0%| F|  |TAMS 0x0000000087300000, 0x0000000087300000| Untracked 
|  84|0x0000000087400000, 0x0000000087400000, 0x0000000087500000|  0%| F|  |TAMS 0x0000000087400000, 0x0000000087400000| Untracked 
|  85|0x0000000087500000, 0x0000000087500000, 0x0000000087600000|  0%| F|  |TAMS 0x0000000087500000, 0x0000000087500000| Untracked 
|  86|0x0000000087600000, 0x0000000087600000, 0x0000000087700000|  0%| F|  |TAMS 0x0000000087600000, 0x0000000087600000| Untracked 
|  87|0x0000000087700000, 0x0000000087700000, 0x0000000087800000|  0%| F|  |TAMS 0x0000000087700000, 0x0000000087700000| Untracked 
|  88|0x0000000087800000, 0x0000000087800000, 0x0000000087900000|  0%| F|  |TAMS 0x0000000087800000, 0x0000000087800000| Untracked 
|  89|0x0000000087900000, 0x0000000087900000, 0x0000000087a00000|  0%| F|  |TAMS 0x0000000087900000, 0x0000000087900000| Untracked 
|  90|0x0000000087a00000, 0x0000000087a00000, 0x0000000087b00000|  0%| F|  |TAMS 0x0000000087a00000, 0x0000000087a00000| Untracked 
|  91|0x0000000087b00000, 0x0000000087b00000, 0x0000000087c00000|  0%| F|  |TAMS 0x0000000087b00000, 0x0000000087b00000| Untracked 
|  92|0x0000000087c00000, 0x0000000087c00000, 0x0000000087d00000|  0%| F|  |TAMS 0x0000000087c00000, 0x0000000087c00000| Untracked 
|  93|0x0000000087d00000, 0x0000000087d00000, 0x0000000087e00000|  0%| F|  |TAMS 0x0000000087d00000, 0x0000000087d00000| Untracked 
|  94|0x0000000087e00000, 0x0000000087e00000, 0x0000000087f00000|  0%| F|  |TAMS 0x0000000087e00000, 0x0000000087e00000| Untracked 
|  95|0x0000000087f00000, 0x0000000087f00000, 0x0000000088000000|  0%| F|  |TAMS 0x0000000087f00000, 0x0000000087f00000| Untracked 
|  96|0x0000000088000000, 0x0000000088000000, 0x0000000088100000|  0%| F|  |TAMS 0x0000000088000000, 0x0000000088000000| Untracked 
|  97|0x0000000088100000, 0x0000000088100000, 0x0000000088200000|  0%| F|  |TAMS 0x0000000088100000, 0x0000000088100000| Untracked 
|  98|0x0000000088200000, 0x0000000088200000, 0x0000000088300000|  0%| F|  |TAMS 0x0000000088200000, 0x0000000088200000| Untracked 
|  99|0x0000000088300000, 0x0000000088300000, 0x0000000088400000|  0%| F|  |TAMS 0x0000000088300000, 0x0000000088300000| Untracked 
| 100|0x0000000088400000, 0x0000000088400000, 0x0000000088500000|  0%| F|  |TAMS 0x0000000088400000, 0x0000000088400000| Untracked 
| 101|0x0000000088500000, 0x0000000088500000, 0x0000000088600000|  0%| F|  |TAMS 0x0000000088500000, 0x0000000088500000| Untracked 
| 102|0x0000000088600000, 0x0000000088600000, 0x0000000088700000|  0%| F|  |TAMS 0x0000000088600000, 0x0000000088600000| Untracked 
| 103|0x0000000088700000, 0x0000000088700000, 0x0000000088800000|  0%| F|  |TAMS 0x0000000088700000, 0x0000000088700000| Untracked 
| 104|0x0000000088800000, 0x0000000088800000, 0x0000000088900000|  0%| F|  |TAMS 0x0000000088800000, 0x0000000088800000| Untracked 
| 105|0x0000000088900000, 0x0000000088900000, 0x0000000088a00000|  0%| F|  |TAMS 0x0000000088900000, 0x0000000088900000| Untracked 
| 106|0x0000000088a00000, 0x0000000088a00000, 0x0000000088b00000|  0%| F|  |TAMS 0x0000000088a00000, 0x0000000088a00000| Untracked 
| 107|0x0000000088b00000, 0x0000000088b00000, 0x0000000088c00000|  0%| F|  |TAMS 0x0000000088b00000, 0x0000000088b00000| Untracked 
| 108|0x0000000088c00000, 0x0000000088c00000, 0x0000000088d00000|  0%| F|  |TAMS 0x0000000088c00000, 0x0000000088c00000| Untracked 
| 109|0x0000000088d00000, 0x0000000088d00000, 0x0000000088e00000|  0%| F|  |TAMS 0x0000000088d00000, 0x0000000088d00000| Untracked 
| 110|0x0000000088e00000, 0x0000000088e00000, 0x0000000088f00000|  0%| F|  |TAMS 0x0000000088e00000, 0x0000000088e00000| Untracked 
| 111|0x0000000088f00000, 0x0000000088f00000, 0x0000000089000000|  0%| F|  |TAMS 0x0000000088f00000, 0x0000000088f00000| Untracked 
| 112|0x0000000089000000, 0x0000000089000000, 0x0000000089100000|  0%| F|  |TAMS 0x0000000089000000, 0x0000000089000000| Untracked 
| 113|0x0000000089100000, 0x0000000089100000, 0x0000000089200000|  0%| F|  |TAMS 0x0000000089100000, 0x0000000089100000| Untracked 
| 114|0x0000000089200000, 0x0000000089200000, 0x0000000089300000|  0%| F|  |TAMS 0x0000000089200000, 0x0000000089200000| Untracked 
| 115|0x0000000089300000, 0x0000000089300000, 0x0000000089400000|  0%| F|  |TAMS 0x0000000089300000, 0x0000000089300000| Untracked 
| 116|0x0000000089400000, 0x0000000089400000, 0x0000000089500000|  0%| F|  |TAMS 0x0000000089400000, 0x0000000089400000| Untracked 
| 117|0x0000000089500000, 0x0000000089500000, 0x0000000089600000|  0%| F|  |TAMS 0x0000000089500000, 0x0000000089500000| Untracked 
| 118|0x0000000089600000, 0x0000000089600000, 0x0000000089700000|  0%| F|  |TAMS 0x0000000089600000, 0x0000000089600000| Untracked 
| 119|0x0000000089700000, 0x0000000089700000, 0x0000000089800000|  0%| F|  |TAMS 0x0000000089700000, 0x0000000089700000| Untracked 
| 120|0x0000000089800000, 0x0000000089800000, 0x0000000089900000|  0%| F|  |TAMS 0x0000000089800000, 0x0000000089800000| Untracked 
| 121|0x0000000089900000, 0x0000000089994a90, 0x0000000089a00000| 58%| S|CS|TAMS 0x0000000089900000, 0x0000000089900000| Complete 
| 122|0x0000000089a00000, 0x0000000089a00000, 0x0000000089b00000|  0%| F|  |TAMS 0x0000000089a00000, 0x0000000089a00000| Untracked 
| 123|0x0000000089b00000, 0x0000000089bb31d0, 0x0000000089c00000| 69%| E|  |TAMS 0x0000000089b00000, 0x0000000089b00000| Complete 
| 124|0x0000000089c00000, 0x0000000089d00000, 0x0000000089d00000|100%| E|CS|TAMS 0x0000000089c00000, 0x0000000089c00000| Complete 
| 125|0x0000000089d00000, 0x0000000089e00000, 0x0000000089e00000|100%| E|CS|TAMS 0x0000000089d00000, 0x0000000089d00000| Complete 

Card table byte_map: [0x000002147f490000,0x000002147f880000] _byte_map_base: 0x000002147f080000

Marking Bits (Prev, Next): (CMBitMap*) 0x0000021476cd6728, (CMBitMap*) 0x0000021476cd66e8
 Prev Bits: [0x0000021410f80000, 0x0000021412f00000)
 Next Bits: [0x000002140f000000, 0x0000021410f80000)

Polling page: 0x0000021474e30000

Metaspace:

Usage:
  Non-class:     12.96 MB capacity,    12.70 MB ( 98%) used,   227.52 KB (  2%) free+waste,    39.81 KB ( <1%) overhead. 
      Class:      1.76 MB capacity,     1.58 MB ( 90%) used,   161.28 KB (  9%) free+waste,    22.13 KB (  1%) overhead. 
       Both:     14.72 MB capacity,    14.28 MB ( 97%) used,   388.80 KB (  3%) free+waste,    61.94 KB ( <1%) overhead. 

Virtual space:
  Non-class space:       14.00 MB reserved,      13.00 MB ( 93%) committed 
      Class space:        1.00 GB reserved,       1.88 MB ( <1%) committed 
             Both:        1.01 GB reserved,      14.88 MB (  1%) committed 

Chunk freelists:
   Non-Class:  5.25 KB
       Class:  2.63 KB
        Both:  7.88 KB

CodeHeap 'non-profiled nmethods': size=120064Kb used=701Kb max_used=701Kb free=119362Kb
 bounds [0x0000021407ac0000, 0x0000021407d30000, 0x000002140f000000]
CodeHeap 'profiled nmethods': size=120000Kb used=4914Kb max_used=4914Kb free=115085Kb
 bounds [0x0000021400590000, 0x0000021400a60000, 0x0000021407ac0000]
CodeHeap 'non-nmethods': size=5696Kb used=1263Kb max_used=1282Kb free=4432Kb
 bounds [0x0000021400000000, 0x0000021400270000, 0x0000021400590000]
 total_blobs=3226 nmethods=2194 adapters=554
 compilation: enabled
              stopped_count=0, restarted_count=0
 full_count=0

Compilation events (10 events):
Event: 4.635 Thread 0x00000214150b7000 2212       4       java.awt.Rectangle::translate (197 bytes)
Event: 4.637 Thread 0x00000214150b7000 nmethod 2212 0x0000021407b6d510 code [0x0000021407b6d6c0, 0x0000021407b6d7d8]
Event: 4.650 Thread 0x00000214150b8800 2213       1       sun.util.locale.StringTokenIterator::isDone (5 bytes)
Event: 4.650 Thread 0x00000214150b8800 nmethod 2213 0x0000021407b6d910 code [0x0000021407b6dac0, 0x0000021407b6dbf8]
Event: 4.677 Thread 0x00000214150b8800 2214       3       java.awt.Canvas::update (20 bytes)
Event: 4.677 Thread 0x00000214150b8800 nmethod 2214 0x0000021400a4a990 code [0x0000021400a4ab60, 0x0000021400a4aea0]
Event: 4.678 Thread 0x00000214150b7000 2215   !   4       sun.awt.PostEventQueue::flush (168 bytes)
Event: 4.690 Thread 0x00000214150b8800 2216       3       sun.awt.RepaintArea::subtract (221 bytes)
Event: 4.690 Thread 0x00000214150b8800 nmethod 2216 0x0000021400a4af90 code [0x0000021400a4b180, 0x0000021400a4b870]
Event: 4.810 Thread 0x00000214150b8800 2220       3       jason.asSemantics.Circumstance::hasRunningIntention (32 bytes)

GC Heap History (6 events):
Event: 1.563 GC heap before
{Heap before GC invocations=0 (full 0):
 garbage-first heap   total 129024K, used 19456K [0x0000000082000000, 0x0000000100000000)
  region size 1024K, 14 young (14336K), 0 survivors (0K)
 Metaspace       used 13312K, capacity 13759K, committed 13824K, reserved 1060864K
  class space    used 1546K, capacity 1771K, committed 1792K, reserved 1048576K
}
Event: 1.577 GC heap after
{Heap after GC invocations=1 (full 0):
 garbage-first heap   total 129024K, used 8033K [0x0000000082000000, 0x0000000100000000)
  region size 1024K, 2 young (2048K), 2 survivors (2048K)
 Metaspace       used 13312K, capacity 13759K, committed 13824K, reserved 1060864K
  class space    used 1546K, capacity 1771K, committed 1792K, reserved 1048576K
}
Event: 2.315 GC heap before
{Heap before GC invocations=1 (full 0):
 garbage-first heap   total 129024K, used 31585K [0x0000000082000000, 0x0000000100000000)
  region size 1024K, 9 young (9216K), 2 survivors (2048K)
 Metaspace       used 14258K, capacity 14752K, committed 14976K, reserved 1062912K
  class space    used 1618K, capacity 1803K, committed 1920K, reserved 1048576K
}
Event: 2.321 GC heap after
{Heap after GC invocations=2 (full 0):
 garbage-first heap   total 129024K, used 21999K [0x0000000082000000, 0x0000000100000000)
  region size 1024K, 1 young (1024K), 1 survivors (1024K)
 Metaspace       used 14258K, capacity 14752K, committed 14976K, reserved 1062912K
  class space    used 1618K, capacity 1803K, committed 1920K, reserved 1048576K
}
Event: 4.012 GC heap before
{Heap before GC invocations=2 (full 0):
 garbage-first heap   total 129024K, used 59887K [0x0000000082000000, 0x0000000100000000)
  region size 1024K, 5 young (5120K), 1 survivors (1024K)
 Metaspace       used 14581K, capacity 15073K, committed 15232K, reserved 1062912K
  class space    used 1618K, capacity 1803K, committed 1920K, reserved 1048576K
}
Event: 4.013 GC heap after
{Heap after GC invocations=3 (full 0):
 garbage-first heap   total 129024K, used 44465K [0x0000000082000000, 0x0000000100000000)
  region size 1024K, 1 young (1024K), 1 survivors (1024K)
 Metaspace       used 14581K, capacity 15073K, committed 15232K, reserved 1062912K
  class space    used 1618K, capacity 1803K, committed 1920K, reserved 1048576K
}

Deoptimization events (7 events):
Event: 0.131 Thread 0x0000021476c97800 Uncommon trap: reason=unstable_if action=reinterpret pc=0x0000021407ac47b8 method=java.lang.String.hashCode()I @ 14 c2
Event: 0.806 Thread 0x0000021476c97800 Uncommon trap: reason=profile_predicate action=maybe_recompile pc=0x0000021407b098e8 method=java.util.Arrays.binarySearch0([Ljava/lang/Object;IILjava/lang/Object;Ljava/util/Comparator;)I @ 25 c2
Event: 0.807 Thread 0x0000021476c97800 Uncommon trap: reason=profile_predicate action=maybe_recompile pc=0x0000021407b098e8 method=java.util.Arrays.binarySearch0([Ljava/lang/Object;IILjava/lang/Object;Ljava/util/Comparator;)I @ 25 c2
Event: 0.807 Thread 0x0000021476c97800 Uncommon trap: reason=profile_predicate action=maybe_recompile pc=0x0000021407b098e8 method=java.util.Arrays.binarySearch0([Ljava/lang/Object;IILjava/lang/Object;Ljava/util/Comparator;)I @ 25 c2
Event: 0.807 Thread 0x0000021476c97800 Uncommon trap: reason=profile_predicate action=maybe_recompile pc=0x0000021407b098e8 method=java.util.Arrays.binarySearch0([Ljava/lang/Object;IILjava/lang/Object;Ljava/util/Comparator;)I @ 25 c2
Event: 1.727 Thread 0x0000021476c97800 Uncommon trap: reason=unstable_if action=reinterpret pc=0x0000021407b32524 method=jason.asSyntax.parser.SimpleCharStream.UpdateLineColumn(C)V @ 82 c2
Event: 1.727 Thread 0x0000021476c97800 Uncommon trap: reason=unstable_if action=reinterpret pc=0x0000021407b32b1c method=jason.asSyntax.parser.SimpleCharStream.UpdateLineColumn(C)V @ 82 c2

Classes redefined (0 events):
No events

Internal exceptions (10 events):
Event: 0.736 Thread 0x0000021476c97800 Exception <a 'java/lang/NoSuchMethodError'{0x000000008955b760}: java.lang.invoke.DirectMethodHandle$Holder.invokeStaticInit(Ljava/lang/Object;Ljava/lang/Object;Ljava/lang/Object;)Ljava/lang/Object;> (0x000000008955b760) thrown at [t:/workspace/open/src/ho
Event: 0.740 Thread 0x0000021476c97800 Exception <a 'java/lang/NoSuchMethodError'{0x0000000089573ba8}: java.lang.invoke.DirectMethodHandle$Holder.invokeInterface(Ljava/lang/Object;Ljava/lang/Object;)I> (0x0000000089573ba8) thrown at [t:/workspace/open/src/hotspot/share/interpreter/linkResolver
Event: 0.740 Thread 0x0000021476c97800 Exception <a 'java/lang/IncompatibleClassChangeError'{0x00000000895766b0}: Found class java.lang.Object, but interface was expected> (0x00000000895766b0) thrown at [t:/workspace/open/src/hotspot/share/interpreter/linkResolver.cpp, line 843]
Event: 1.075 Thread 0x0000021476c97800 Exception <a 'java/lang/NoSuchMethodError'{0x0000000089050310}: java.lang.invoke.DirectMethodHandle$Holder.invokeStaticInit(Ljava/lang/Object;IIII)Ljava/lang/Object;> (0x0000000089050310) thrown at [t:/workspace/open/src/hotspot/share/interpreter/linkReso
Event: 1.530 Thread 0x0000021476c97800 Exception <a 'java/lang/NoSuchMethodError'{0x0000000089063650}: java.lang.invoke.DirectMethodHandle$Holder.invokeStaticInit(Ljava/lang/Object;Ljava/lang/Object;IIII)Ljava/lang/Object;> (0x0000000089063650) thrown at [t:/workspace/open/src/hotspot/share/in
Event: 1.620 Thread 0x0000021476c97800 Exception <a 'java/lang/ClassNotFoundException'{0x0000000089d20650}: sun/net/www/protocol/c/Handler> (0x0000000089d20650) thrown at [t:/workspace/open/src/hotspot/share/classfile/systemDictionary.cpp, line 235]
Event: 1.697 Thread 0x0000021476c97800 Exception <a 'java/lang/ClassNotFoundException'{0x0000000089b9f9c0}: sun/net/www/protocol/c/Handler> (0x0000000089b9f9c0) thrown at [t:/workspace/open/src/hotspot/share/classfile/systemDictionary.cpp, line 235]
Event: 1.711 Thread 0x0000021476c97800 Exception <a 'java/lang/ClassNotFoundException'{0x0000000089bed730}: sun/net/www/protocol/c/Handler> (0x0000000089bed730) thrown at [t:/workspace/open/src/hotspot/share/classfile/systemDictionary.cpp, line 235]
Event: 1.724 Thread 0x0000021476c97800 Exception <a 'java/lang/ClassNotFoundException'{0x0000000089a3bb08}: sun/net/www/protocol/c/Handler> (0x0000000089a3bb08) thrown at [t:/workspace/open/src/hotspot/share/classfile/systemDictionary.cpp, line 235]
Event: 1.759 Thread 0x0000021476c97800 Exception <a 'java/lang/ClassNotFoundException'{0x0000000089ab99c8}: sun/net/www/protocol/c/Handler> (0x0000000089ab99c8) thrown at [t:/workspace/open/src/hotspot/share/classfile/systemDictionary.cpp, line 235]

Events (10 events):
Event: 4.026 Executing VM operation: G1Concurrent
Event: 4.027 Executing VM operation: G1Concurrent done
Event: 4.032 Executing VM operation: G1Concurrent
Event: 4.032 Executing VM operation: G1Concurrent done
Event: 4.645 Executing VM operation: RevokeBias
Event: 4.645 Executing VM operation: RevokeBias done
Event: 4.645 loading class java/awt/KeyboardFocusManager$2
Event: 4.645 loading class java/awt/KeyboardFocusManager$2 done
Event: 4.645 loading class sun/awt/SunToolkit$1
Event: 4.646 loading class sun/awt/SunToolkit$1 done


Dynamic libraries:
0x00007ff7d5d10000 - 0x00007ff7d5d1f000 	C:\Program Files\Java\jdk-12.0.2\bin\java.exe
0x00007ffc15800000 - 0x00007ffc159f0000 	C:\WINDOWS\SYSTEM32\ntdll.dll
0x00007ffc13b80000 - 0x00007ffc13c32000 	C:\WINDOWS\System32\KERNEL32.DLL
0x00007ffc133b0000 - 0x00007ffc13653000 	C:\WINDOWS\System32\KERNELBASE.dll
0x00007ffc12790000 - 0x00007ffc1288a000 	C:\WINDOWS\System32\ucrtbase.dll
0x00007ffc06dc0000 - 0x00007ffc06dd8000 	C:\Program Files\Java\jdk-12.0.2\bin\jli.dll
0x00007ffc06fb0000 - 0x00007ffc06fc6000 	C:\Program Files\Java\jdk-12.0.2\bin\VCRUNTIME140.dll
0x00007ffc138b0000 - 0x00007ffc13953000 	C:\WINDOWS\System32\ADVAPI32.dll
0x00007ffc14800000 - 0x00007ffc1489e000 	C:\WINDOWS\System32\msvcrt.dll
0x00007ffc148d0000 - 0x00007ffc14967000 	C:\WINDOWS\System32\sechost.dll
0x00007ffc13ca0000 - 0x00007ffc13dc0000 	C:\WINDOWS\System32\RPCRT4.dll
0x00007ffc14260000 - 0x00007ffc143f4000 	C:\WINDOWS\System32\USER32.dll
0x00007ffc131e0000 - 0x00007ffc13201000 	C:\WINDOWS\System32\win32u.dll
0x00007ffc14670000 - 0x00007ffc14696000 	C:\WINDOWS\System32\GDI32.dll
0x00007ffc13210000 - 0x00007ffc133a4000 	C:\WINDOWS\System32\gdi32full.dll
0x00007ffc137b0000 - 0x00007ffc1384e000 	C:\WINDOWS\System32\msvcp_win.dll
0x00007ffc092b0000 - 0x00007ffc09535000 	C:\WINDOWS\WinSxS\amd64_microsoft.windows.common-controls_6595b64144ccf1df_6.0.18362.535_none_e6c3b34713100821\COMCTL32.dll
0x00007ffc13dd0000 - 0x00007ffc14106000 	C:\WINDOWS\System32\combase.dll
0x00007ffc12890000 - 0x00007ffc12910000 	C:\WINDOWS\System32\bcryptPrimitives.dll
0x00007ffc0a340000 - 0x00007ffc0a34a000 	C:\WINDOWS\SYSTEM32\VERSION.dll
0x00007ffc148a0000 - 0x00007ffc148ce000 	C:\WINDOWS\System32\IMM32.DLL
0x00007ffc03e30000 - 0x00007ffc03eda000 	C:\Program Files\Java\jdk-12.0.2\bin\msvcp140.dll
0x00007ffbc6c50000 - 0x00007ffbc77c7000 	C:\Program Files\Java\jdk-12.0.2\bin\server\jvm.dll
0x00007ffc147f0000 - 0x00007ffc147f8000 	C:\WINDOWS\System32\PSAPI.DLL
0x00007ffc05610000 - 0x00007ffc05619000 	C:\WINDOWS\SYSTEM32\WSOCK32.dll
0x00007ffc14fb0000 - 0x00007ffc1501f000 	C:\WINDOWS\System32\WS2_32.dll
0x00007ffc0cd10000 - 0x00007ffc0cd34000 	C:\WINDOWS\SYSTEM32\WINMM.dll
0x00007ffc0cce0000 - 0x00007ffc0cd0d000 	C:\WINDOWS\SYSTEM32\WINMMBASE.dll
0x00007ffc129c0000 - 0x00007ffc12a0a000 	C:\WINDOWS\System32\cfgmgr32.dll
0x00007ffc126e0000 - 0x00007ffc126f1000 	C:\WINDOWS\System32\kernel.appcore.dll
0x00007ffc06ec0000 - 0x00007ffc06ed1000 	C:\Program Files\Java\jdk-12.0.2\bin\verify.dll
0x00007ffc10ff0000 - 0x00007ffc111e4000 	C:\WINDOWS\SYSTEM32\DBGHELP.DLL
0x00007ffc06b00000 - 0x00007ffc06b2a000 	C:\WINDOWS\SYSTEM32\dbgcore.DLL
0x00007ffc03ee0000 - 0x00007ffc03f06000 	C:\Program Files\Java\jdk-12.0.2\bin\java.dll
0x00007ffbff900000 - 0x00007ffbff917000 	C:\Program Files\Java\jdk-12.0.2\bin\zip.dll
0x00007ffc0e380000 - 0x00007ffc0e38a000 	C:\Program Files\Java\jdk-12.0.2\bin\jimage.dll
0x00007ffc150d0000 - 0x00007ffc157b5000 	C:\WINDOWS\System32\SHELL32.dll
0x00007ffc15020000 - 0x00007ffc150c9000 	C:\WINDOWS\System32\shcore.dll
0x00007ffc12a60000 - 0x00007ffc131df000 	C:\WINDOWS\System32\windows.storage.dll
0x00007ffc12750000 - 0x00007ffc1276f000 	C:\WINDOWS\System32\profapi.dll
0x00007ffc12700000 - 0x00007ffc1274a000 	C:\WINDOWS\System32\powrprof.dll
0x00007ffc126d0000 - 0x00007ffc126e0000 	C:\WINDOWS\System32\UMPDC.dll
0x00007ffc14610000 - 0x00007ffc14662000 	C:\WINDOWS\System32\shlwapi.dll
0x00007ffc12a10000 - 0x00007ffc12a27000 	C:\WINDOWS\System32\cryptsp.dll
0x00007ffbff8e0000 - 0x00007ffbff8f9000 	C:\Program Files\Java\jdk-12.0.2\bin\net.dll
0x00007ffc0d730000 - 0x00007ffc0d820000 	C:\WINDOWS\SYSTEM32\WINHTTP.dll
0x00007ffc07de0000 - 0x00007ffc07fb6000 	C:\WINDOWS\SYSTEM32\urlmon.dll
0x00007ffc03a60000 - 0x00007ffc03d06000 	C:\WINDOWS\SYSTEM32\iertutil.dll
0x00007ffc120b0000 - 0x00007ffc120bc000 	C:\WINDOWS\SYSTEM32\CRYPTBASE.DLL
0x00007ffc11ee0000 - 0x00007ffc11f47000 	C:\WINDOWS\system32\mswsock.dll
0x00007ffbff8c0000 - 0x00007ffbff8d3000 	C:\Program Files\Java\jdk-12.0.2\bin\nio.dll
0x00007ffbdd0f0000 - 0x00007ffbdd28f000 	C:\Program Files\Java\jdk-12.0.2\bin\awt.dll
0x00007ffc14110000 - 0x00007ffc141d4000 	C:\WINDOWS\System32\OLEAUT32.dll
0x00007ffc0eff0000 - 0x00007ffc0f5b0000 	C:\WINDOWS\SYSTEM32\d2d1.dll
0x00007ffc0ff70000 - 0x00007ffc0ffff000 	C:\WINDOWS\SYSTEM32\apphelp.dll
0x00007ffc104c0000 - 0x00007ffc104ed000 	C:\WINDOWS\system32\DWMAPI.DLL
0x00007ffc10020000 - 0x00007ffc100b9000 	C:\WINDOWS\system32\uxtheme.dll
0x00007ffc04020000 - 0x00007ffc04176000 	C:\WINDOWS\system32\opengl32.dll
0x00007ffc05410000 - 0x00007ffc0543c000 	C:\WINDOWS\SYSTEM32\GLU32.dll
0x00007ffc11340000 - 0x00007ffc11360000 	C:\WINDOWS\SYSTEM32\dxcore.dll
0x00007ffc14980000 - 0x00007ffc14ab5000 	C:\WINDOWS\System32\MSCTF.dll
0x00007ffc144b0000 - 0x00007ffc14606000 	C:\WINDOWS\System32\ole32.dll
0x00007ffbffa00000 - 0x00007ffbffa80000 	C:\Program Files\Java\jdk-12.0.2\bin\freetype.dll
0x00007ffbff950000 - 0x00007ffbff9fb000 	C:\Program Files\Java\jdk-12.0.2\bin\fontmanager.dll
0x00007ffc14400000 - 0x00007ffc144a2000 	C:\WINDOWS\System32\clbcatq.dll
0x00007ffc07630000 - 0x00007ffc077df000 	C:\WINDOWS\SYSTEM32\WindowsCodecs.dll
0x00007ffbe9bf0000 - 0x00007ffbe9c2a000 	C:\WINDOWS\system32\dataexchange.dll
0x00007ffc0f890000 - 0x00007ffc0faeb000 	C:\WINDOWS\system32\d3d11.dll
0x00007ffc0f5b0000 - 0x00007ffc0f78b000 	C:\WINDOWS\system32\dcomp.dll
0x00007ffc113d0000 - 0x00007ffc114bb000 	C:\WINDOWS\system32\dxgi.dll
0x00007ffc10130000 - 0x00007ffc1038a000 	C:\WINDOWS\system32\twinapi.appcore.dll
0x00007ffc10480000 - 0x00007ffc104a9000 	C:\WINDOWS\system32\RMCLIENT.dll
0x00007ffc06410000 - 0x00007ffc064ae000 	C:\WINDOWS\System32\TextInputFramework.dll
0x00007ffc0fe60000 - 0x00007ffc0ff34000 	C:\WINDOWS\System32\CoreMessaging.dll
0x00007ffc08010000 - 0x00007ffc0833a000 	C:\WINDOWS\System32\CoreUIComponents.dll
0x00007ffc11730000 - 0x00007ffc11761000 	C:\WINDOWS\SYSTEM32\ntmarta.dll
0x00007ffc0d820000 - 0x00007ffc0d973000 	C:\WINDOWS\SYSTEM32\wintypes.dll
0x00007ffc0dad0000 - 0x00007ffc0dad9000 	C:\Program Files\Java\jdk-12.0.2\bin\management.dll
0x00007ffc09000000 - 0x00007ffc0900c000 	C:\Program Files\Java\jdk-12.0.2\bin\management_ext.dll
0x00007ffc11a50000 - 0x00007ffc11a83000 	C:\WINDOWS\system32\rsaenh.dll
0x00007ffc12a30000 - 0x00007ffc12a56000 	C:\WINDOWS\System32\bcrypt.dll
0x00007ffc125c0000 - 0x00007ffc125e5000 	C:\WINDOWS\SYSTEM32\USERENV.dll
0x00007ffc11bf0000 - 0x00007ffc11c2a000 	C:\WINDOWS\SYSTEM32\IPHLPAPI.DLL
0x00007ffc14970000 - 0x00007ffc14978000 	C:\WINDOWS\System32\NSI.dll
0x00007ffc0b350000 - 0x00007ffc0b366000 	C:\WINDOWS\SYSTEM32\dhcpcsvc6.DLL
0x00007ffc0c380000 - 0x00007ffc0c39c000 	C:\WINDOWS\SYSTEM32\dhcpcsvc.DLL
0x00007ffc11c30000 - 0x00007ffc11cfa000 	C:\WINDOWS\SYSTEM32\DNSAPI.dll
0x00007ffbe7f40000 - 0x00007ffbe7f56000 	C:\WINDOWS\system32\napinsp.dll
0x00007ffbe0610000 - 0x00007ffbe062a000 	C:\WINDOWS\system32\pnrpnsp.dll
0x00007ffbe0600000 - 0x00007ffbe060e000 	C:\WINDOWS\System32\winrnr.dll
0x00007ffc0d070000 - 0x00007ffc0d08c000 	C:\WINDOWS\system32\NLAapi.dll
0x00007ffc0d630000 - 0x00007ffc0d645000 	C:\WINDOWS\system32\wshbth.dll
0x00007ffc087b0000 - 0x00007ffc087ba000 	C:\Windows\System32\rasadhlp.dll
0x00007ffc0b080000 - 0x00007ffc0b0f7000 	C:\WINDOWS\System32\fwpuclnt.dll

dbghelp: loaded successfully - version: 4.0.5 - missing functions: none
symbol engine: initialized successfully - sym options: 0x614 - pdb path: .;C:\Program Files\Java\jdk-12.0.2\bin;C:\WINDOWS\SYSTEM32;C:\WINDOWS\WinSxS\amd64_microsoft.windows.common-controls_6595b64144ccf1df_6.0.18362.535_none_e6c3b34713100821;C:\Program Files\Java\jdk-12.0.2\bin\server

VM Arguments:
java_command: jason.infra.centralised.RunCentralisedMAS discharge_truck.mas2j
java_class_path (initial): C:\Users\Luan\eclipse-workspace\discharge_truck;C:\Users\Luan\eclipse-workspace\discharge_truck\bin\classes;C:\Users\Luan\Desktop\Faculdade\IC\Jason\libs\jason-2.4.jar
Launcher Type: SUN_STANDARD

[Global flags]
     intx CICompilerCount                          = 3                                         {product} {ergonomic}
     uint ConcGCThreads                            = 1                                         {product} {ergonomic}
     uint G1ConcRefinementThreads                  = 4                                         {product} {ergonomic}
   size_t G1HeapRegionSize                         = 1048576                                   {product} {ergonomic}
    uintx GCDrainStackTargetSize                   = 64                                        {product} {ergonomic}
   size_t InitialHeapSize                          = 132120576                                 {product} {ergonomic}
   size_t MarkStackSize                            = 4194304                                   {product} {ergonomic}
   size_t MaxHeapSize                              = 2113929216                                {product} {ergonomic}
   size_t MaxNewSize                               = 1267728384                                {product} {ergonomic}
   size_t MinHeapDeltaBytes                        = 1048576                                   {product} {ergonomic}
    uintx NonNMethodCodeHeapSize                   = 5830732                                {pd product} {ergonomic}
    uintx NonProfiledCodeHeapSize                  = 122913754                              {pd product} {ergonomic}
    uintx ProfiledCodeHeapSize                     = 122913754                              {pd product} {ergonomic}
    uintx ReservedCodeCacheSize                    = 251658240                              {pd product} {ergonomic}
     bool SegmentedCodeCache                       = true                                      {product} {ergonomic}
     bool UseCompressedClassPointers               = true                                 {lp64_product} {ergonomic}
     bool UseCompressedOops                        = true                                 {lp64_product} {ergonomic}
     bool UseG1GC                                  = true                                      {product} {ergonomic}
     bool UseLargePagesIndividualAllocation        = false                                  {pd product} {ergonomic}

Logging:
Log output configuration:
 #0: stdout all=warning uptime,level,tags
 #1: stderr all=off uptime,level,tags

Environment Variables:
PATH=C:/Program Files/Java/jdk-12.0.2/bin/server;C:/Program Files/Java/jdk-12.0.2/bin;C:\Program Files (x86)\Embarcadero\Studio\20.0\bin;C:\Users\Public\Documents\Embarcadero\Studio\20.0\Bpl;C:\Program Files (x86)\Embarcadero\Studio\20.0\bin64;C:\Users\Public\Documents\Embarcadero\Studio\20.0\Bpl\Win64;C:\Program Files (x86)\Common Files\Oracle\Java\javapath;C:\Program Files (x86)\Intel\Intel(R) Management Engine Components\iCLS\;C:\Program Files\Intel\Intel(R) Management Engine Components\iCLS\;C:\WINDOWS\system32;C:\WINDOWS;C:\WINDOWS\System32\Wbem;C:\WINDOWS\System32\WindowsPowerShell\v1.0\;C:\WINDOWS\System32\OpenSSH\;C:\Program Files (x86)\Intel\Intel(R) Management Engine Components\DAL;C:\Program Files\Intel\Intel(R) Management Engine Components\DAL;C:\Program Files (x86)\Intel\Intel(R) Management Engine Components\IPT;C:\Program Files\Intel\Intel(R) Management Engine Components\IPT;C:\Program Files\dotnet\;C:\Program Files\Microsoft SQL Server\130\Tools\Binn\;C:\Program Files\Git\cmd;C:\Program Files\nodejs\;C:\Program Files (x86)\Windows Kits\10\Windows Performance Toolkit\;C:\Users\Luan\AppData\Local\Microsoft\WindowsApps;C:\Users\Luan\AppData\Roaming\npm;;C:\Users\Luan\Desktop\Programs;
USERNAME=Luan
OS=Windows_NT
PROCESSOR_IDENTIFIER=Intel64 Family 6 Model 142 Stepping 9, GenuineIntel



---------------  S Y S T E M  ---------------

OS: Windows 10 , 64 bit Build 18362 (10.0.18362.329)

CPU:total 4 (initial active 4) (2 cores per cpu, 2 threads per core) family 6 model 142 stepping 9, cmov, cx8, fxsr, mmx, sse, sse2, sse3, ssse3, sse4.1, sse4.2, popcnt, avx, avx2, aes, clmul, erms, 3dnowpref, lzcnt, ht, tsc, tscinvbit, bmi1, bmi2, adx, fma

Memory: 4k page, system-wide physical 8058M (1282M free)
TotalPageFile size 8058M (AvailPageFile size 7M)
current process WorkingSet (physical memory assigned to process): 150M, peak: 150M
current process commit charge ("private bytes"): 232M, peak: 233M

vm_info: Java HotSpot(TM) 64-Bit Server VM (12.0.2+10) for windows-amd64 JRE (12.0.2+10), built on Jul 16 2019 01:56:17 by "mach5one" with MS VC++ 15.5 (VS2017)

END.
