#
# There is insufficient memory for the Java Runtime Environment to continue.
# Native memory allocation (mmap) failed to map 132120576 bytes for Failed to commit area from 0x0000000082000000 to 0x0000000089e00000 of length 132120576.
# Possible reasons:
#   The system is out of physical RAM or swap space
#   The process is running with CompressedOops enabled, and the Java Heap may be blocking the growth of the native heap
# Possible solutions:
#   Reduce memory load on the system
#   Increase physical memory or swap space
#   Check if swap backing store is full
#   Decrease Java heap size (-Xmx/-Xms)
#   Decrease number of Java threads
#   Decrease Java thread stack sizes (-Xss)
#   Set larger code cache with -XX:ReservedCodeCacheSize=
# This output file may be truncated or incomplete.
#
#  Out of Memory Error (t:/workspace/open/src/hotspot/os/windows/os_windows.cpp:3264), pid=9704, tid=9432
#
# JRE version:  (12.0.2+10) (build )
# Java VM: Java HotSpot(TM) 64-Bit Server VM (12.0.2+10, mixed mode, aot, sharing, tiered, compressed oops, g1 gc, windows-amd64)
# No core dump will be written. Minidumps are not enabled by default on client versions of Windows
#

---------------  S U M M A R Y ------------

Command Line: jason.infra.centralised.RunCentralisedMAS discharge_truck.mas2j

Host: Intel(R) Core(TM) i5-7200U CPU @ 2.50GHz, 4 cores, 7G,  Windows 10 , 64 bit Build 18362 (10.0.18362.329)
Time: Sun Dec 15 02:05:28 2019 Hora oficial do Brasil elapsed time: 0 seconds (0d 0h 0m 0s)

---------------  T H R E A D  ---------------

Current thread (0x000001f085da7800):  JavaThread "Unknown thread" [_thread_in_vm, id=9432, stack(0x0000003b32500000,0x0000003b32600000)]

Stack: [0x0000003b32500000,0x0000003b32600000]
Native frames: (J=compiled Java code, j=interpreted, Vv=VM code, C=native code)
V  [jvm.dll+0x63aa2a]
V  [jvm.dll+0x78ce1e]
V  [jvm.dll+0x78e4c1]
V  [jvm.dll+0x78eb13]
V  [jvm.dll+0x2627e8]
V  [jvm.dll+0x637f5a]
V  [jvm.dll+0x62c845]
V  [jvm.dll+0x31e49c]
V  [jvm.dll+0x31e2cf]
V  [jvm.dll+0x324006]
V  [jvm.dll+0x371f56]
V  [jvm.dll+0x371720]
V  [jvm.dll+0x2f845a]
V  [jvm.dll+0x2f96d2]
V  [jvm.dll+0x767267]
V  [jvm.dll+0x7689f5]
V  [jvm.dll+0x380059]
V  [jvm.dll+0x74b794]
V  [jvm.dll+0x3ef5cd]
V  [jvm.dll+0x3f1471]
C  [jli.dll+0x51cf]
C  [ucrtbase.dll+0x20e72]
C  [KERNEL32.DLL+0x17bd4]
C  [ntdll.dll+0x6ced1]


---------------  P R O C E S S  ---------------

Threads class SMR info:
_java_thread_list=0x00007ffbc7727928, length=0, elements={
}

Java Threads: ( => current thread )

Other Threads:
  0x000001f085de6800 GCTaskThread "GC Thread#0" [stack: 0x0000003b32600000,0x0000003b32700000] [id=15800]
  0x000001f085df4000 ConcurrentGCThread "G1 Main Marker" [stack: 0x0000003b32700000,0x0000003b32800000] [id=10216]
  0x000001f085df7800 ConcurrentGCThread "G1 Conc#0" [stack: 0x0000003b32800000,0x0000003b32900000] [id=14540]

[error occurred during error reporting (printing all threads), id 0xc0000005, EXCEPTION_ACCESS_VIOLATION (0xc0000005) at pc=0x00007ffbc6f585e7]

VM state:not at safepoint (not fully initialized)

VM Mutex/Monitor currently owned by a thread:  ([mutex/lock_event])
[0x000001f085da4bb0] Heap_lock - owner thread: 0x000001f085da7800

Heap address: 0x0000000082000000, size: 2016 MB, Compressed Oops mode: Non-zero based: 0x0000000082000000
Narrow klass base: 0x0000000000000000, Narrow klass shift: 0

GC Heap History (0 events):
No events

Deoptimization events (0 events):
No events

Classes redefined (0 events):
No events

Internal exceptions (0 events):
No events

Events (0 events):
No events


Dynamic libraries:
0x00007ff7d5d10000 - 0x00007ff7d5d1f000 	C:\Program Files\Java\jdk-12.0.2\bin\java.exe
0x00007ffc15800000 - 0x00007ffc159f0000 	C:\WINDOWS\SYSTEM32\ntdll.dll
0x00007ffc13b80000 - 0x00007ffc13c32000 	C:\WINDOWS\System32\KERNEL32.DLL
0x00007ffc133b0000 - 0x00007ffc13653000 	C:\WINDOWS\System32\KERNELBASE.dll
0x00007ffc12790000 - 0x00007ffc1288a000 	C:\WINDOWS\System32\ucrtbase.dll
0x00007ffc03ea0000 - 0x00007ffc03eb8000 	C:\Program Files\Java\jdk-12.0.2\bin\jli.dll
0x00007ffc03ec0000 - 0x00007ffc03ed6000 	C:\Program Files\Java\jdk-12.0.2\bin\VCRUNTIME140.dll
0x00007ffc138b0000 - 0x00007ffc13953000 	C:\WINDOWS\System32\ADVAPI32.dll
0x00007ffc14800000 - 0x00007ffc1489e000 	C:\WINDOWS\System32\msvcrt.dll
0x00007ffc148d0000 - 0x00007ffc14967000 	C:\WINDOWS\System32\sechost.dll
0x00007ffc13ca0000 - 0x00007ffc13dc0000 	C:\WINDOWS\System32\RPCRT4.dll
0x00007ffc14260000 - 0x00007ffc143f4000 	C:\WINDOWS\System32\USER32.dll
0x00007ffc131e0000 - 0x00007ffc13201000 	C:\WINDOWS\System32\win32u.dll
0x00007ffc14670000 - 0x00007ffc14696000 	C:\WINDOWS\System32\GDI32.dll
0x00007ffc092b0000 - 0x00007ffc09535000 	C:\WINDOWS\WinSxS\amd64_microsoft.windows.common-controls_6595b64144ccf1df_6.0.18362.535_none_e6c3b34713100821\COMCTL32.dll
0x00007ffc13210000 - 0x00007ffc133a4000 	C:\WINDOWS\System32\gdi32full.dll
0x00007ffc13dd0000 - 0x00007ffc14106000 	C:\WINDOWS\System32\combase.dll
0x00007ffc137b0000 - 0x00007ffc1384e000 	C:\WINDOWS\System32\msvcp_win.dll
0x00007ffc12890000 - 0x00007ffc12910000 	C:\WINDOWS\System32\bcryptPrimitives.dll
0x00007ffc0a340000 - 0x00007ffc0a34a000 	C:\WINDOWS\SYSTEM32\VERSION.dll
0x00007ffc148a0000 - 0x00007ffc148ce000 	C:\WINDOWS\System32\IMM32.DLL
0x00007ffbff400000 - 0x00007ffbff4aa000 	C:\Program Files\Java\jdk-12.0.2\bin\msvcp140.dll
0x00007ffbc6c50000 - 0x00007ffbc77c7000 	C:\Program Files\Java\jdk-12.0.2\bin\server\jvm.dll
0x00007ffc147f0000 - 0x00007ffc147f8000 	C:\WINDOWS\System32\PSAPI.DLL
0x00007ffc05610000 - 0x00007ffc05619000 	C:\WINDOWS\SYSTEM32\WSOCK32.dll
0x00007ffc0cd10000 - 0x00007ffc0cd34000 	C:\WINDOWS\SYSTEM32\WINMM.dll
0x00007ffc14fb0000 - 0x00007ffc1501f000 	C:\WINDOWS\System32\WS2_32.dll
0x00007ffc0cce0000 - 0x00007ffc0cd0d000 	C:\WINDOWS\SYSTEM32\winmmbase.dll
0x00007ffc129c0000 - 0x00007ffc12a0a000 	C:\WINDOWS\System32\cfgmgr32.dll
0x00007ffc126e0000 - 0x00007ffc126f1000 	C:\WINDOWS\System32\kernel.appcore.dll
0x00007ffc06ec0000 - 0x00007ffc06ed1000 	C:\Program Files\Java\jdk-12.0.2\bin\verify.dll
0x00007ffc10ff0000 - 0x00007ffc111e4000 	C:\WINDOWS\SYSTEM32\DBGHELP.DLL
0x00007ffc06b00000 - 0x00007ffc06b2a000 	C:\WINDOWS\SYSTEM32\dbgcore.DLL
0x00007ffc03ee0000 - 0x00007ffc03f06000 	C:\Program Files\Java\jdk-12.0.2\bin\java.dll
0x00007ffbff900000 - 0x00007ffbff917000 	C:\Program Files\Java\jdk-12.0.2\bin\zip.dll
0x00007ffc0e380000 - 0x00007ffc0e38a000 	C:\Program Files\Java\jdk-12.0.2\bin\jimage.dll

dbghelp: loaded successfully - version: 4.0.5 - missing functions: none
symbol engine: initialized successfully - sym options: 0x614 - pdb path: .;C:\Program Files\Java\jdk-12.0.2\bin;C:\WINDOWS\SYSTEM32;C:\WINDOWS\WinSxS\amd64_microsoft.windows.common-controls_6595b64144ccf1df_6.0.18362.535_none_e6c3b34713100821;C:\Program Files\Java\jdk-12.0.2\bin\server

VM Arguments:
java_command: jason.infra.centralised.RunCentralisedMAS discharge_truck.mas2j
java_class_path (initial): C:\Users\Luan\eclipse-workspace\discharge_truck;C:\Users\Luan\eclipse-workspace\discharge_truck\bin\classes;C:\Users\Luan\Desktop\Faculdade\IC\Jason\libs\jason-2.4.jar
Launcher Type: SUN_STANDARD

[Global flags]
     intx CICompilerCount                          = 3                                         {product} {ergonomic}
     uint ConcGCThreads                            = 1                                         {product} {ergonomic}
     uint G1ConcRefinementThreads                  = 4                                         {product} {ergonomic}
   size_t G1HeapRegionSize                         = 1048576                                   {product} {ergonomic}
    uintx GCDrainStackTargetSize                   = 64                                        {product} {ergonomic}
   size_t InitialHeapSize                          = 132120576                                 {product} {ergonomic}
   size_t MarkStackSize                            = 4194304                                   {product} {ergonomic}
   size_t MaxHeapSize                              = 2113929216                                {product} {ergonomic}
   size_t MinHeapDeltaBytes                        = 1048576                                   {product} {ergonomic}
    uintx NonNMethodCodeHeapSize                   = 5830732                                {pd product} {ergonomic}
    uintx NonProfiledCodeHeapSize                  = 122913754                              {pd product} {ergonomic}
    uintx ProfiledCodeHeapSize                     = 122913754                              {pd product} {ergonomic}
    uintx ReservedCodeCacheSize                    = 251658240                              {pd product} {ergonomic}
     bool SegmentedCodeCache                       = true                                      {product} {ergonomic}
     bool UseCompressedClassPointers               = true                                 {lp64_product} {ergonomic}
     bool UseCompressedOops                        = true                                 {lp64_product} {ergonomic}
     bool UseG1GC                                  = true                                      {product} {ergonomic}
     bool UseLargePagesIndividualAllocation        = false                                  {pd product} {ergonomic}

Logging:
Log output configuration:
 #0: stdout all=warning uptime,level,tags
 #1: stderr all=off uptime,level,tags

Environment Variables:
PATH=C:/Program Files/Java/jdk-12.0.2/bin/server;C:/Program Files/Java/jdk-12.0.2/bin;C:\Program Files (x86)\Embarcadero\Studio\20.0\bin;C:\Users\Public\Documents\Embarcadero\Studio\20.0\Bpl;C:\Program Files (x86)\Embarcadero\Studio\20.0\bin64;C:\Users\Public\Documents\Embarcadero\Studio\20.0\Bpl\Win64;C:\Program Files (x86)\Common Files\Oracle\Java\javapath;C:\Program Files (x86)\Intel\Intel(R) Management Engine Components\iCLS\;C:\Program Files\Intel\Intel(R) Management Engine Components\iCLS\;C:\WINDOWS\system32;C:\WINDOWS;C:\WINDOWS\System32\Wbem;C:\WINDOWS\System32\WindowsPowerShell\v1.0\;C:\WINDOWS\System32\OpenSSH\;C:\Program Files (x86)\Intel\Intel(R) Management Engine Components\DAL;C:\Program Files\Intel\Intel(R) Management Engine Components\DAL;C:\Program Files (x86)\Intel\Intel(R) Management Engine Components\IPT;C:\Program Files\Intel\Intel(R) Management Engine Components\IPT;C:\Program Files\dotnet\;C:\Program Files\Microsoft SQL Server\130\Tools\Binn\;C:\Program Files\Git\cmd;C:\Program Files\nodejs\;C:\Program Files (x86)\Windows Kits\10\Windows Performance Toolkit\;C:\Users\Luan\AppData\Local\Microsoft\WindowsApps;C:\Users\Luan\AppData\Roaming\npm;;C:\Users\Luan\Desktop\Programs;
USERNAME=Luan
OS=Windows_NT
PROCESSOR_IDENTIFIER=Intel64 Family 6 Model 142 Stepping 9, GenuineIntel



---------------  S Y S T E M  ---------------

OS: Windows 10 , 64 bit Build 18362 (10.0.18362.329)

CPU:total 4 (initial active 4) (2 cores per cpu, 2 threads per core) family 6 model 142 stepping 9, cmov, cx8, fxsr, mmx, sse, sse2, sse3, ssse3, sse4.1, sse4.2, popcnt, avx, avx2, aes, clmul, erms, 3dnowpref, lzcnt, ht, tsc, tscinvbit, bmi1, bmi2, adx, fma

Memory: 4k page, system-wide physical 8058M (1472M free)
TotalPageFile size 8058M (AvailPageFile size 42M)
current process WorkingSet (physical memory assigned to process): 9M, peak: 9M
current process commit charge ("private bytes"): 52M, peak: 177M

vm_info: Java HotSpot(TM) 64-Bit Server VM (12.0.2+10) for windows-amd64 JRE (12.0.2+10), built on Jul 16 2019 01:56:17 by "mach5one" with MS VC++ 15.5 (VS2017)

END.
